<?xml version="1.0" encoding="UTF-8"?>
<!-- Generated by org.testng.reporters.JUnitXMLReporter -->
<testsuite ignored="0" hostname="DESKTOP-4OKVR2V" failures="0" tests="5" name="RegresstionTest" time="0.134" errors="0" timestamp="2022-11-09T17:35:02 IST">
  <testcase classname="Test_cases.Search_tc" name="@BeforeTest search" time="0.013">
    <failure type="java.lang.NullPointerException" message="Cannot invoke &amp;quot;org.openqa.selenium.WebDriver.findElement(org.openqa.selenium.By)&amp;quot; because &amp;quot;this.driver&amp;quot; is null">
      <![CDATA[java.lang.NullPointerException: Cannot invoke "org.openqa.selenium.WebDriver.findElement(org.openqa.selenium.By)" because "this.driver" is null
at Test_cases.Search_tc.search(Search_tc.java:25)
... Removed 24 stack frames]]>
    </failure>
  </testcase> <!-- @BeforeTest search -->
  <testcase classname="Framework_utility.Base_test" name="@BeforeClass Browsersetup" time="-1.667995502631E9">
    <skipped/>
  </testcase> <!-- @BeforeClass Browsersetup -->
  <testcase classname="Framework_utility.Base_test" name="@AfterClass close" time="-1.667995502653E9">
    <skipped/>
  </testcase> <!-- @AfterClass close -->
  <testcase classname="Framework_utility.Base_test" name="@BeforeClass Browsersetup" time="-1.667995502662E9">
    <skipped/>
  </testcase> <!-- @BeforeClass Browsersetup -->
  <testcase classname="Framework_utility.Base_test" name="@AfterClass close" time="-1.667995502672E9">
    <skipped/>
  </testcase> <!-- @AfterClass close -->
  <testcase classname="Framework_utility.Base_test" name="@BeforeClass Browsersetup" time="-1.667995502674E9">
    <skipped/>
  </testcase> <!-- @BeforeClass Browsersetup -->
  <testcase classname="Framework_utility.Base_test" name="@AfterClass close" time="-1.667995502683E9">
    <skipped/>
  </testcase> <!-- @AfterClass close -->
  <testcase classname="Framework_utility.Base_test" name="@BeforeClass Browsersetup" time="-1.667995502685E9">
    <skipped/>
  </testcase> <!-- @BeforeClass Browsersetup -->
  <testcase classname="Framework_utility.Base_test" name="@AfterClass close" time="-1.667995502694E9">
    <skipped/>
  </testcase> <!-- @AfterClass close -->
  <testcase classname="Framework_utility.Base_test" name="@BeforeClass Browsersetup" time="-1.667995502697E9">
    <skipped/>
  </testcase> <!-- @BeforeClass Browsersetup -->
  <testcase classname="Framework_utility.Base_test" name="@AfterClass close" time="-1.667995502703E9">
    <skipped/>
  </testcase> <!-- @AfterClass close -->
  <testcase classname="Test_cases.Register_tc" name="register" time="0.0">
    <skipped/>
  </testcase> <!-- register -->
  <testcase classname="Test_cases.Login_tc" name="login" time="0.0">
    <skipped/>
  </testcase> <!-- login -->
  <testcase classname="Test_cases.Advance_search" name="advance" time="0.0">
    <skipped/>
  </testcase> <!-- advance -->
  <testcase classname="Test_cases.Mouse_over" name="mouseover" time="0.0">
    <skipped/>
  </testcase> <!-- mouseover -->
  <testcase classname="Test_cases.Search_tc" name="search" time="0.0">
    <skipped/>
  </testcase> <!-- search -->
</testsuite> <!-- RegresstionTest -->
